Using pre-set license
Built from '2020.3/staging' branch; Version is '2020.3.32f1 (12f8b0834f07) revision 1243312'; Using compiler version '192528614'; Build Type 'Release'
OS: 'Windows 10  (10.0.19043) 64bit Professional' Language: 'nl' Physical Memory: 16272 MB
BatchMode: 1, IsHumanControllingUs: 0, StartBugReporterOnCrash: 0, Is64bit: 1, IsPro: 0

COMMAND LINE ARGUMENTS:
D:\Pogramma's\2020.3.32f1\Editor\Unity.exe
-adb2
-batchMode
-noUpm
-name
AssetImportWorker0
-projectPath
D:/Documenten/GitHub/PointandClick_BPW/BPW 2
-logFile
Logs/AssetImportWorker0.log
-srvPort
57251
Successfully changed project path to: D:/Documenten/GitHub/PointandClick_BPW/BPW 2
D:/Documenten/GitHub/PointandClick_BPW/BPW 2
Using Asset Import Pipeline V2.
Refreshing native plugins compatible for Editor in 67.25 ms, found 2 plugins.
Preloading 0 native plugins for Editor in 0.00 ms.
Initialize engine version: 2020.3.32f1 (12f8b0834f07)
[Subsystems] Discovering subsystems at path D:/Pogramma's/2020.3.32f1/Editor/Data/Resources/UnitySubsystems
[Subsystems] Discovering subsystems at path D:/Documenten/GitHub/PointandClick_BPW/BPW 2/Assets
GfxDevice: creating device client; threaded=0
Direct3D:
    Version:  Direct3D 11.0 [level 11.1]
    Renderer: NVIDIA GeForce GTX 1070 (ID=0x1b81)
    Vendor:   
    VRAM:     8088 MB
    Driver:   30.0.15.1215
Initialize mono
Mono path[0] = 'D:/Pogramma's/2020.3.32f1/Editor/Data/Managed'
Mono path[1] = 'D:/Pogramma's/2020.3.32f1/Editor/Data/MonoBleedingEdge/lib/mono/unityjit'
Mono config path = 'D:/Pogramma's/2020.3.32f1/Editor/Data/MonoBleedingEdge/etc'
Using monoOptions --debugger-agent=transport=dt_socket,embedding=1,server=y,suspend=n,address=127.0.0.1:56896
Begin MonoManager ReloadAssembly
Registering precompiled unity dll's ...
Register platform support module: D:/Pogramma's/2020.3.32f1/Editor/Data/PlaybackEngines/WindowsStandaloneSupport/UnityEditor.WindowsStandalone.Extensions.dll
Registered in 0.001116 seconds.
Native extension for WindowsStandalone target not found
Refreshing native plugins compatible for Editor in 69.78 ms, found 2 plugins.
Preloading 0 native plugins for Editor in 0.00 ms.
Mono: successfully reloaded assembly
- Completed reload, in  0.722 seconds
Domain Reload Profiling:
	ReloadAssembly (723ms)
		BeginReloadAssembly (66ms)
			ExecutionOrderSort (0ms)
			DisableScriptedObjects (0ms)
			BackupInstance (0ms)
			ReleaseScriptingObjects (0ms)
			CreateAndSetChildDomain (1ms)
		EndReloadAssembly (580ms)
			LoadAssemblies (65ms)
			RebuildTransferFunctionScriptingTraits (0ms)
			SetupTypeCache (183ms)
			ReleaseScriptCaches (0ms)
			RebuildScriptCaches (41ms)
			SetupLoadedEditorAssemblies (234ms)
				LogAssemblyErrors (0ms)
				InitializePlatformSupportModulesInManaged (5ms)
				SetLoadedEditorAssemblies (0ms)
				RefreshPlugins (70ms)
				BeforeProcessingInitializeOnLoad (19ms)
				ProcessInitializeOnLoadAttributes (101ms)
				ProcessInitializeOnLoadMethodAttributes (37ms)
				AfterProcessingInitializeOnLoad (0ms)
				EditorAssembliesLoaded (0ms)
			ExecutionOrderSort2 (0ms)
			AwakeInstancesAfterBackupRestoration (0ms)
Platform modules already initialized, skipping
Registering precompiled user dll's ...
Registered in 0.004504 seconds.
Begin MonoManager ReloadAssembly
Native extension for WindowsStandalone target not found
Refreshing native plugins compatible for Editor in 80.25 ms, found 2 plugins.
Preloading 0 native plugins for Editor in 0.00 ms.
Mono: successfully reloaded assembly
- Completed reload, in  1.493 seconds
Domain Reload Profiling:
	ReloadAssembly (1494ms)
		BeginReloadAssembly (195ms)
			ExecutionOrderSort (0ms)
			DisableScriptedObjects (6ms)
			BackupInstance (0ms)
			ReleaseScriptingObjects (0ms)
			CreateAndSetChildDomain (22ms)
		EndReloadAssembly (1230ms)
			LoadAssemblies (137ms)
			RebuildTransferFunctionScriptingTraits (0ms)
			SetupTypeCache (435ms)
			ReleaseScriptCaches (1ms)
			RebuildScriptCaches (108ms)
			SetupLoadedEditorAssemblies (422ms)
				LogAssemblyErrors (0ms)
				InitializePlatformSupportModulesInManaged (4ms)
				SetLoadedEditorAssemblies (0ms)
				RefreshPlugins (80ms)
				BeforeProcessingInitializeOnLoad (102ms)
				ProcessInitializeOnLoadAttributes (219ms)
				ProcessInitializeOnLoadMethodAttributes (13ms)
				AfterProcessingInitializeOnLoad (4ms)
				EditorAssembliesLoaded (0ms)
			ExecutionOrderSort2 (0ms)
			AwakeInstancesAfterBackupRestoration (7ms)
Platform modules already initialized, skipping
========================================================================
Worker process is ready to serve import requests
Launched and connected shader compiler UnityShaderCompiler.exe after 0.10 seconds
Refreshing native plugins compatible for Editor in 0.67 ms, found 2 plugins.
Preloading 0 native plugins for Editor in 0.00 ms.
Unloading 3286 Unused Serialized files (Serialized files now loaded: 0)
System memory in use before: 140.0 MB.
System memory in use after: 140.2 MB.

Unloading 17 unused Assets to reduce memory usage. Loaded Objects now: 3722.
Total: 3.074900 ms (FindLiveObjects: 0.243600 ms CreateObjectMapping: 0.172300 ms MarkObjects: 2.570500 ms  DeleteObjects: 0.087400 ms)

AssetImportParameters requested are different than current active one (requested -> active):
  custom:framework-win-MediaFoundation: 216162199b28c13a410421893ffa2e32 -> 
  custom:video-decoder-ogg-theora: a1e56fd34408186e4bbccfd4996cb3dc -> 
  custom:container-muxer-webm: aa71ff27fc2769a1b78a27578f13a17b -> 
  custom:container-demuxer-webm: 4f35f7cbe854078d1ac9338744f61a02 -> 
  custom:container-demuxer-ogg: 62fdf1f143b41e24485cea50d1cbac27 -> 
  custom:video-encoder-webm-vp8: eb34c28f22e8b96e1ab97ce403110664 -> 
  custom:video-decoder-webm-vp8: 9c59270c3fd7afecdb556c50c9e8de78 -> 
  custom:audio-decoder-ogg-vorbis: bf7c407c2cedff20999df2af8eb42d56 -> 
  custom:audio-encoder-webm-vorbis: bf7c407c2cedff20999df2af8eb42d56 -> 
========================================================================
Received Import Request.
  path: Assets/Scenes/SampleScene.unity
  artifactKey: Guid(9fc0d4010bbf28b4594072e72b8655ab) Importer(815301076,1909f56bfc062723c751e8b465ee728b)
Start importing Assets/Scenes/SampleScene.unity using Guid(9fc0d4010bbf28b4594072e72b8655ab) Importer(815301076,1909f56bfc062723c751e8b465ee728b)  -> (artifact id: '747838f65b1ac1af7dcb23380b8ac163') in 0.010076 seconds 
========================================================================
Received Import Request.
  Time since last request: 404.452761 seconds.
  path: Assets/Own Assets/BPW2_BackgroundHomes.fbx
  artifactKey: Guid(09eddd530762f854fae8363a0087b2b1) Importer(815301076,1909f56bfc062723c751e8b465ee728b)
Start importing Assets/Own Assets/BPW2_BackgroundHomes.fbx using Guid(09eddd530762f854fae8363a0087b2b1) Importer(815301076,1909f56bfc062723c751e8b465ee728b)  -> (artifact id: '79959dc97af8e2fba76611f8f8770b20') in 0.437982 seconds 
========================================================================
Received Import Request.
  Time since last request: 0.000270 seconds.
  path: Assets/Own Assets/BPW2_Clock.fbx
  artifactKey: Guid(40eda7e4ab22a6d4385769bd8bf2efc3) Importer(815301076,1909f56bfc062723c751e8b465ee728b)
Start importing Assets/Own Assets/BPW2_Clock.fbx using Guid(40eda7e4ab22a6d4385769bd8bf2efc3) Importer(815301076,1909f56bfc062723c751e8b465ee728b)  -> (artifact id: '3fabad87bbbccb76ddf1b8cbd11f2275') in 0.071370 seconds 
========================================================================
Received Import Request.
  Time since last request: 0.000246 seconds.
  path: Assets/Own Assets/BPW2_Calander.fbx
  artifactKey: Guid(55a3069b684096f44aa50205f310b3a4) Importer(815301076,1909f56bfc062723c751e8b465ee728b)
Start importing Assets/Own Assets/BPW2_Calander.fbx using Guid(55a3069b684096f44aa50205f310b3a4) Importer(815301076,1909f56bfc062723c751e8b465ee728b)  -> (artifact id: '39b663cb49f1b33e9a82202e8dbde55d') in 0.096343 seconds 
========================================================================
Received Import Request.
  Time since last request: 163.185152 seconds.
  path: Assets/Magic Book/BPW2_MagicBook.blend
  artifactKey: Guid(c2397124b2953434b8269f2266f895d0) Importer(815301076,1909f56bfc062723c751e8b465ee728b)
Start importing Assets/Magic Book/BPW2_MagicBook.blend using Guid(c2397124b2953434b8269f2266f895d0) Importer(815301076,1909f56bfc062723c751e8b465ee728b)  -> (artifact id: '0a0af3bb5f5a4e785b3d690207560673') in 0.074835 seconds 
========================================================================
Received Prepare
Registering precompiled user dll's ...
Registered in 0.003201 seconds.
Begin MonoManager ReloadAssembly
Native extension for WindowsStandalone target not found
Refreshing native plugins compatible for Editor in 0.55 ms, found 2 plugins.
Preloading 0 native plugins for Editor in 0.00 ms.
Mono: successfully reloaded assembly
- Completed reload, in  1.349 seconds
Domain Reload Profiling:
	ReloadAssembly (1349ms)
		BeginReloadAssembly (133ms)
			ExecutionOrderSort (0ms)
			DisableScriptedObjects (7ms)
			BackupInstance (0ms)
			ReleaseScriptingObjects (0ms)
			CreateAndSetChildDomain (44ms)
		EndReloadAssembly (1151ms)
			LoadAssemblies (120ms)
			RebuildTransferFunctionScriptingTraits (0ms)
			SetupTypeCache (434ms)
			ReleaseScriptCaches (2ms)
			RebuildScriptCaches (79ms)
			SetupLoadedEditorAssemblies (389ms)
				LogAssemblyErrors (0ms)
				InitializePlatformSupportModulesInManaged (4ms)
				SetLoadedEditorAssemblies (0ms)
				RefreshPlugins (1ms)
				BeforeProcessingInitializeOnLoad (121ms)
				ProcessInitializeOnLoadAttributes (244ms)
				ProcessInitializeOnLoadMethodAttributes (16ms)
				AfterProcessingInitializeOnLoad (4ms)
				EditorAssembliesLoaded (0ms)
			ExecutionOrderSort2 (0ms)
			AwakeInstancesAfterBackupRestoration (11ms)
Platform modules already initialized, skipping
Refreshing native plugins compatible for Editor in 0.59 ms, found 2 plugins.
Preloading 0 native plugins for Editor in 0.00 ms.
Unloading 3219 Unused Serialized files (Serialized files now loaded: 0)
System memory in use before: 137.1 MB.
System memory in use after: 137.4 MB.

Unloading 13 unused Assets to reduce memory usage. Loaded Objects now: 3768.
Total: 3.698800 ms (FindLiveObjects: 0.263100 ms CreateObjectMapping: 0.218000 ms MarkObjects: 3.188600 ms  DeleteObjects: 0.028200 ms)

AssetImportParameters requested are different than current active one (requested -> active):
  custom:framework-win-MediaFoundation: 216162199b28c13a410421893ffa2e32 -> 
  custom:video-decoder-ogg-theora: a1e56fd34408186e4bbccfd4996cb3dc -> 
  custom:container-muxer-webm: aa71ff27fc2769a1b78a27578f13a17b -> 
  custom:container-demuxer-webm: 4f35f7cbe854078d1ac9338744f61a02 -> 
  custom:container-demuxer-ogg: 62fdf1f143b41e24485cea50d1cbac27 -> 
  custom:video-encoder-webm-vp8: eb34c28f22e8b96e1ab97ce403110664 -> 
  custom:video-decoder-webm-vp8: 9c59270c3fd7afecdb556c50c9e8de78 -> 
  custom:audio-decoder-ogg-vorbis: bf7c407c2cedff20999df2af8eb42d56 -> 
  custom:audio-encoder-webm-vorbis: bf7c407c2cedff20999df2af8eb42d56 -> 
========================================================================
Received Import Request.
  Time since last request: 208.849223 seconds.
  path: Assets/Magic Book/BPW2_MagicBook.blend
  artifactKey: Guid(c2397124b2953434b8269f2266f895d0) Importer(815301076,1909f56bfc062723c751e8b465ee728b)
Start importing Assets/Magic Book/BPW2_MagicBook.blend using Guid(c2397124b2953434b8269f2266f895d0) Importer(815301076,1909f56bfc062723c751e8b465ee728b)  -> (artifact id: '9da36e069f40402f9db36e6f9f9dafaa') in 0.178420 seconds 
========================================================================
Received Import Request.
  Time since last request: 18.766801 seconds.
  path: Assets/Magic Book/BPW2_MagicBook.blend
  artifactKey: Guid(c2397124b2953434b8269f2266f895d0) Importer(815301076,1909f56bfc062723c751e8b465ee728b)
Start importing Assets/Magic Book/BPW2_MagicBook.blend using Guid(c2397124b2953434b8269f2266f895d0) Importer(815301076,1909f56bfc062723c751e8b465ee728b)  -> (artifact id: 'b16aa75c7d883fc6f9fd02afea997c14') in 0.075807 seconds 
========================================================================
Received Import Request.
  Time since last request: 22.322184 seconds.
  path: Assets/Magic Book/BPW2_MagicBook.blend
  artifactKey: Guid(c2397124b2953434b8269f2266f895d0) Importer(815301076,1909f56bfc062723c751e8b465ee728b)
Start importing Assets/Magic Book/BPW2_MagicBook.blend using Guid(c2397124b2953434b8269f2266f895d0) Importer(815301076,1909f56bfc062723c751e8b465ee728b)  -> (artifact id: '15516bad7d1196585d690075a44f7412') in 0.079707 seconds 
========================================================================
Received Import Request.
  Time since last request: 328.622149 seconds.
  path: Assets/Magic Book/BPW2_MagicBook.blend
  artifactKey: Guid(c2397124b2953434b8269f2266f895d0) Importer(815301076,1909f56bfc062723c751e8b465ee728b)
Start importing Assets/Magic Book/BPW2_MagicBook.blend using Guid(c2397124b2953434b8269f2266f895d0) Importer(815301076,1909f56bfc062723c751e8b465ee728b)  -> (artifact id: 'e8f4bcc5f983807b8f53b37ffb24493e') in 0.080368 seconds 
========================================================================
Received Import Request.
  Time since last request: 29.105229 seconds.
  path: Assets/Magic Book/BPW2_MagicBook.blend
  artifactKey: Guid(c2397124b2953434b8269f2266f895d0) Importer(815301076,1909f56bfc062723c751e8b465ee728b)
Start importing Assets/Magic Book/BPW2_MagicBook.blend using Guid(c2397124b2953434b8269f2266f895d0) Importer(815301076,1909f56bfc062723c751e8b465ee728b)  -> (artifact id: 'fe0ccad1f699abd7e5f5803bd54625d5') in 0.069087 seconds 
========================================================================
Received Import Request.
  Time since last request: 77.545810 seconds.
  path: Assets/Magic Book/BPW2_MagicBook.blend
  artifactKey: Guid(c2397124b2953434b8269f2266f895d0) Importer(815301076,1909f56bfc062723c751e8b465ee728b)
Start importing Assets/Magic Book/BPW2_MagicBook.blend using Guid(c2397124b2953434b8269f2266f895d0) Importer(815301076,1909f56bfc062723c751e8b465ee728b)  -> (artifact id: '0ab900beb58aab4586e83f7e8772b81f') in 0.066959 seconds 
========================================================================
Received Import Request.
  Time since last request: 25.935021 seconds.
  path: Assets/Magic Book/BPW2_MagicBook.blend
  artifactKey: Guid(c2397124b2953434b8269f2266f895d0) Importer(815301076,1909f56bfc062723c751e8b465ee728b)
Start importing Assets/Magic Book/BPW2_MagicBook.blend using Guid(c2397124b2953434b8269f2266f895d0) Importer(815301076,1909f56bfc062723c751e8b465ee728b)  -> (artifact id: 'caf4a11f5adc27c5e6af21ee76ca779c') in 0.070060 seconds 
========================================================================
Received Import Request.
  Time since last request: 468.459018 seconds.
  path: Assets/Magic Book/BPW2_MagicBook.blend
  artifactKey: Guid(c2397124b2953434b8269f2266f895d0) Importer(815301076,1909f56bfc062723c751e8b465ee728b)
Start importing Assets/Magic Book/BPW2_MagicBook.blend using Guid(c2397124b2953434b8269f2266f895d0) Importer(815301076,1909f56bfc062723c751e8b465ee728b)  -> (artifact id: '9cb4555acaf98b9daf7cf71d1b6754eb') in 0.066237 seconds 
========================================================================
Received Import Request.
  Time since last request: 16.872146 seconds.
  path: Assets/Magic Book/BPW2_MagicBook.blend
  artifactKey: Guid(c2397124b2953434b8269f2266f895d0) Importer(815301076,1909f56bfc062723c751e8b465ee728b)
Start importing Assets/Magic Book/BPW2_MagicBook.blend using Guid(c2397124b2953434b8269f2266f895d0) Importer(815301076,1909f56bfc062723c751e8b465ee728b)  -> (artifact id: '27d2b02235c452583133f171550f4256') in 0.064952 seconds 
========================================================================
Received Import Request.
  Time since last request: 41.184345 seconds.
  path: Assets/Magic Book/BPW2_MagicBook.blend
  artifactKey: Guid(c2397124b2953434b8269f2266f895d0) Importer(815301076,1909f56bfc062723c751e8b465ee728b)
Start importing Assets/Magic Book/BPW2_MagicBook.blend using Guid(c2397124b2953434b8269f2266f895d0) Importer(815301076,1909f56bfc062723c751e8b465ee728b)  -> (artifact id: 'fe43c5a1810994bbe785b79265b57758') in 0.065412 seconds 
========================================================================
Received Import Request.
  Time since last request: 224.332335 seconds.
  path: Assets/Magic Book/BPW2_MagicBook.blend
  artifactKey: Guid(c2397124b2953434b8269f2266f895d0) Importer(815301076,1909f56bfc062723c751e8b465ee728b)
Start importing Assets/Magic Book/BPW2_MagicBook.blend using Guid(c2397124b2953434b8269f2266f895d0) Importer(815301076,1909f56bfc062723c751e8b465ee728b)  -> (artifact id: '06df339bd9704447cacae441d6491957') in 0.077666 seconds 
========================================================================
Received Import Request.
  Time since last request: 23.120393 seconds.
  path: Assets/Magic Book/BPW2_MagicBook.blend
  artifactKey: Guid(c2397124b2953434b8269f2266f895d0) Importer(815301076,1909f56bfc062723c751e8b465ee728b)
Start importing Assets/Magic Book/BPW2_MagicBook.blend using Guid(c2397124b2953434b8269f2266f895d0) Importer(815301076,1909f56bfc062723c751e8b465ee728b)  -> (artifact id: '312dd75764a1deb5e27f7a7f5e6d7b1d') in 0.067634 seconds 
========================================================================
Received Import Request.
  Time since last request: 15.499716 seconds.
  path: Assets/Magic Book/BPW2_MagicBook.blend
  artifactKey: Guid(c2397124b2953434b8269f2266f895d0) Importer(815301076,1909f56bfc062723c751e8b465ee728b)
Start importing Assets/Magic Book/BPW2_MagicBook.blend using Guid(c2397124b2953434b8269f2266f895d0) Importer(815301076,1909f56bfc062723c751e8b465ee728b)  -> (artifact id: '68721edf6514e32cb4fb6ec11472c264') in 0.064930 seconds 
========================================================================
Received Import Request.
  Time since last request: 7.504828 seconds.
  path: Assets/Magic Book/BPW2_MagicBook.blend
  artifactKey: Guid(c2397124b2953434b8269f2266f895d0) Importer(815301076,1909f56bfc062723c751e8b465ee728b)
Start importing Assets/Magic Book/BPW2_MagicBook.blend using Guid(c2397124b2953434b8269f2266f895d0) Importer(815301076,1909f56bfc062723c751e8b465ee728b)  -> (artifact id: '0b5ba605ad879fb54b6f3c51bf390a66') in 0.070973 seconds 
========================================================================
Received Prepare
Registering precompiled user dll's ...
Registered in 0.003019 seconds.
Begin MonoManager ReloadAssembly
Native extension for WindowsStandalone target not found
Refreshing native plugins compatible for Editor in 1.71 ms, found 2 plugins.
Preloading 0 native plugins for Editor in 0.00 ms.
Mono: successfully reloaded assembly
- Completed reload, in  1.385 seconds
Domain Reload Profiling:
	ReloadAssembly (1386ms)
		BeginReloadAssembly (133ms)
			ExecutionOrderSort (0ms)
			DisableScriptedObjects (6ms)
			BackupInstance (0ms)
			ReleaseScriptingObjects (0ms)
			CreateAndSetChildDomain (44ms)
		EndReloadAssembly (1184ms)
			LoadAssemblies (146ms)
			RebuildTransferFunctionScriptingTraits (0ms)
			SetupTypeCache (453ms)
			ReleaseScriptCaches (2ms)
			RebuildScriptCaches (79ms)
			SetupLoadedEditorAssemblies (392ms)
				LogAssemblyErrors (0ms)
				InitializePlatformSupportModulesInManaged (4ms)
				SetLoadedEditorAssemblies (1ms)
				RefreshPlugins (2ms)
				BeforeProcessingInitializeOnLoad (110ms)
				ProcessInitializeOnLoadAttributes (259ms)
				ProcessInitializeOnLoadMethodAttributes (13ms)
				AfterProcessingInitializeOnLoad (3ms)
				EditorAssembliesLoaded (0ms)
			ExecutionOrderSort2 (0ms)
			AwakeInstancesAfterBackupRestoration (9ms)
Platform modules already initialized, skipping
Refreshing native plugins compatible for Editor in 0.61 ms, found 2 plugins.
Preloading 0 native plugins for Editor in 0.00 ms.
Unloading 3219 Unused Serialized files (Serialized files now loaded: 0)
System memory in use before: 137.4 MB.
System memory in use after: 137.6 MB.

Unloading 13 unused Assets to reduce memory usage. Loaded Objects now: 3772.
Total: 4.392100 ms (FindLiveObjects: 0.318500 ms CreateObjectMapping: 0.218600 ms MarkObjects: 3.738400 ms  DeleteObjects: 0.115300 ms)

AssetImportParameters requested are different than current active one (requested -> active):
  custom:framework-win-MediaFoundation: 216162199b28c13a410421893ffa2e32 -> 
  custom:video-decoder-ogg-theora: a1e56fd34408186e4bbccfd4996cb3dc -> 
  custom:container-muxer-webm: aa71ff27fc2769a1b78a27578f13a17b -> 
  custom:container-demuxer-webm: 4f35f7cbe854078d1ac9338744f61a02 -> 
  custom:container-demuxer-ogg: 62fdf1f143b41e24485cea50d1cbac27 -> 
  custom:video-encoder-webm-vp8: eb34c28f22e8b96e1ab97ce403110664 -> 
  custom:video-decoder-webm-vp8: 9c59270c3fd7afecdb556c50c9e8de78 -> 
  custom:audio-decoder-ogg-vorbis: bf7c407c2cedff20999df2af8eb42d56 -> 
  custom:audio-encoder-webm-vorbis: bf7c407c2cedff20999df2af8eb42d56 -> 
========================================================================
Received Import Request.
  Time since last request: 109.363127 seconds.
  path: Assets/Magic Book/BPW2_MagicBook.blend
  artifactKey: Guid(c2397124b2953434b8269f2266f895d0) Importer(815301076,1909f56bfc062723c751e8b465ee728b)
Start importing Assets/Magic Book/BPW2_MagicBook.blend using Guid(c2397124b2953434b8269f2266f895d0) Importer(815301076,1909f56bfc062723c751e8b465ee728b)  -> (artifact id: '72ee999abd8d199959e2593fc7eb1344') in 0.176259 seconds 
========================================================================
Received Import Request.
  Time since last request: 95.270348 seconds.
  path: Assets/Magic Book/BPW2_MagicBook.blend
  artifactKey: Guid(c2397124b2953434b8269f2266f895d0) Importer(815301076,1909f56bfc062723c751e8b465ee728b)
Start importing Assets/Magic Book/BPW2_MagicBook.blend using Guid(c2397124b2953434b8269f2266f895d0) Importer(815301076,1909f56bfc062723c751e8b465ee728b)  -> (artifact id: 'de2e534bbb3fca7ccefc648f613f9b6d') in 0.065188 seconds 
========================================================================
Received Prepare
Registering precompiled user dll's ...
Registered in 0.003555 seconds.
Begin MonoManager ReloadAssembly
Native extension for WindowsStandalone target not found
Refreshing native plugins compatible for Editor in 0.56 ms, found 2 plugins.
Preloading 0 native plugins for Editor in 0.00 ms.
Mono: successfully reloaded assembly
- Completed reload, in  1.324 seconds
Domain Reload Profiling:
	ReloadAssembly (1324ms)
		BeginReloadAssembly (131ms)
			ExecutionOrderSort (0ms)
			DisableScriptedObjects (7ms)
			BackupInstance (0ms)
			ReleaseScriptingObjects (0ms)
			CreateAndSetChildDomain (44ms)
		EndReloadAssembly (1128ms)
			LoadAssemblies (116ms)
			RebuildTransferFunctionScriptingTraits (0ms)
			SetupTypeCache (436ms)
			ReleaseScriptCaches (2ms)
			RebuildScriptCaches (91ms)
			SetupLoadedEditorAssemblies (371ms)
				LogAssemblyErrors (0ms)
				InitializePlatformSupportModulesInManaged (5ms)
				SetLoadedEditorAssemblies (0ms)
				RefreshPlugins (1ms)
				BeforeProcessingInitializeOnLoad (106ms)
				ProcessInitializeOnLoadAttributes (239ms)
				ProcessInitializeOnLoadMethodAttributes (15ms)
				AfterProcessingInitializeOnLoad (4ms)
				EditorAssembliesLoaded (0ms)
			ExecutionOrderSort2 (0ms)
			AwakeInstancesAfterBackupRestoration (7ms)
Platform modules already initialized, skipping
Refreshing native plugins compatible for Editor in 1.13 ms, found 2 plugins.
Preloading 0 native plugins for Editor in 0.00 ms.
Unloading 3219 Unused Serialized files (Serialized files now loaded: 0)
System memory in use before: 137.4 MB.
System memory in use after: 137.6 MB.

Unloading 13 unused Assets to reduce memory usage. Loaded Objects now: 3776.
Total: 4.433700 ms (FindLiveObjects: 0.301100 ms CreateObjectMapping: 0.239500 ms MarkObjects: 3.833200 ms  DeleteObjects: 0.058400 ms)

AssetImportParameters requested are different than current active one (requested -> active):
  custom:framework-win-MediaFoundation: 216162199b28c13a410421893ffa2e32 -> 
  custom:video-decoder-ogg-theora: a1e56fd34408186e4bbccfd4996cb3dc -> 
  custom:container-muxer-webm: aa71ff27fc2769a1b78a27578f13a17b -> 
  custom:container-demuxer-webm: 4f35f7cbe854078d1ac9338744f61a02 -> 
  custom:container-demuxer-ogg: 62fdf1f143b41e24485cea50d1cbac27 -> 
  custom:video-encoder-webm-vp8: eb34c28f22e8b96e1ab97ce403110664 -> 
  custom:video-decoder-webm-vp8: 9c59270c3fd7afecdb556c50c9e8de78 -> 
  custom:audio-decoder-ogg-vorbis: bf7c407c2cedff20999df2af8eb42d56 -> 
  custom:audio-encoder-webm-vorbis: bf7c407c2cedff20999df2af8eb42d56 -> 
AssetImportWorkerClient::OnTransportError - code=2 error=End of file
